{"numFailedTestSuites":0,"numFailedTests":0,"numPassedTestSuites":2,"numPassedTests":10,"numPendingTestSuites":0,"numPendingTests":0,"numRuntimeErrorTestSuites":0,"numTodoTests":0,"numTotalTestSuites":2,"numTotalTests":10,"openHandles":[],"snapshot":{"added":0,"didUpdate":false,"failure":false,"filesAdded":0,"filesRemoved":0,"filesRemovedList":[],"filesUnmatched":0,"filesUpdated":0,"matched":0,"total":0,"unchecked":0,"uncheckedKeysByFile":[],"unmatched":0,"updated":0},"startTime":1748240344093,"success":true,"testResults":[{"assertionResults":[{"ancestorTitles":["App Component"],"failureMessages":[],"fullName":"App Component renders DiaryFeed and \"Add New Grind\" button by default","location":null,"status":"passed","title":"renders DiaryFeed and \"Add New Grind\" button by default"},{"ancestorTitles":["App Component"],"failureMessages":[],"fullName":"App Component clicking \"Add New Grind\" button shows AddEntryForm and \"Back to Feed\" button","location":null,"status":"passed","title":"clicking \"Add New Grind\" button shows AddEntryForm and \"Back to Feed\" button"},{"ancestorTitles":["App Component"],"failureMessages":[],"fullName":"App Component clicking \"Back to Feed\" button shows DiaryFeed and \"Add New Grind\" button","location":null,"status":"passed","title":"clicking \"Back to Feed\" button shows DiaryFeed and \"Add New Grind\" button"},{"ancestorTitles":["App Component"],"failureMessages":[],"fullName":"App Component adding a new entry via form switches back to DiaryFeed view","location":null,"status":"passed","title":"adding a new entry via form switches back to DiaryFeed view"}],"endTime":1748240346566,"message":"","name":"/app/grind-diary/src/App.test.js","startTime":1748240345449,"status":"passed","summary":""},{"assertionResults":[{"ancestorTitles":["DiaryEntry Component"],"failureMessages":[],"fullName":"DiaryEntry Component renders social interaction buttons","location":null,"status":"passed","title":"renders social interaction buttons"},{"ancestorTitles":["DiaryEntry Component"],"failureMessages":[],"fullName":"DiaryEntry Component like button functionality","location":null,"status":"passed","title":"like button functionality"},{"ancestorTitles":["DiaryEntry Component"],"failureMessages":[],"fullName":"DiaryEntry Component comment button logs to console","location":null,"status":"passed","title":"comment button logs to console"},{"ancestorTitles":["DiaryEntry Component"],"failureMessages":[],"fullName":"DiaryEntry Component share button logs to console","location":null,"status":"passed","title":"share button logs to console"},{"ancestorTitles":["DiaryEntry Component"],"failureMessages":[],"fullName":"DiaryEntry Component renders correctly when no entry data is provided","location":null,"status":"passed","title":"renders correctly when no entry data is provided"},{"ancestorTitles":["DiaryEntry Component"],"failureMessages":[],"fullName":"DiaryEntry Component renders correctly with minimal entry data","location":null,"status":"passed","title":"renders correctly with minimal entry data"}],"endTime":1748240347065,"message":"","name":"/app/grind-diary/src/components/DiaryEntry.test.js","startTime":1748240345312,"status":"passed","summary":""}],"wasInterrupted":false}